<?xml version="1.0" encoding="UTF-8"?>
<!-- Generated by org.testng.reporters.JUnitReportReporter -->
<testsuite hostname="LAPTOP-V7B148KT" failures="0" tests="1" name="Practise.Streams" time="0.029" errors="0" timestamp="7 Mar 2023 17:21:12 GMT">
  <testcase classname="Practise.Streams" name="stremCollect" time="0.029"/>
</testsuite> <!-- Practise.Streams -->
